<?xml version="1.0" encoding="UTF-8"?>
<!-- Generated by org.testng.reporters.JUnitReportReporter -->
<testsuite hostname="Naveens-MBP.hsd1.ca.comcast.net" failures="0" tests="1" name="com.sonar.sonar.Amazon" time="11.347" errors="0" timestamp="26 Jan 2019 05:41:07 GMT" skipped="0">
  <testcase classname="com.sonar.sonar.Amazon" name="validateDroDowns" time="11.347"/>
</testsuite> <!-- com.sonar.sonar.Amazon -->
